Arguments: 
  /usr/local/bin/node /usr/local/Cellar/yarn/0.27.5_1/libexec/bin/yarn.js add typeorm

PATH: 
  /usr/local/bin:/usr/bin:/bin:/usr/sbin:/sbin:/usr/local/git/bin:/Users/zhongbowen/Documents/workspace_Java_essential/apache-maven-3.5.2/bin:/Users/zhongbowen/Documents/workspace_Java_essential/apache-maven-3.5.2/bin

Yarn version: 
  0.27.5

Node version: 
  8.9.4

Platform: 
  darwin x64

npm manifest: 
  {
    "name": "bw-tech-node",
    "version": "1.0.0",
    "description": "bw tech node.js backend",
    "main": "index.js",
    "author": "Bowen",
    "license": "MIT",
    "dependencies": {
      "@nestjs/common": "^4.6.5",
      "@nestjs/core": "^4.6.5",
      "@nestjs/microservices": "^4.6.5",
      "@nestjs/websockets": "^4.6.5",
      "mysql": "^2.15.0",
      "reflect-metadata": "^0.1.12",
      "rxjs": "^5.5.6",
      "typescript": "^2.7.2"
    }
  }

yarn manifest: 
  No manifest

Lockfile: 
  # THIS IS AN AUTOGENERATED FILE. DO NOT EDIT THIS FILE DIRECTLY.
  # yarn lockfile v1
  
  
  "@nestjs/common@^4.6.5":
    version "4.6.5"
    resolved "https://registry.yarnpkg.com/@nestjs/common/-/common-4.6.5.tgz#98d1f940b2fb47eda97396e9b6e9b5e3d13e2ea9"
    dependencies:
      axios "0.17.1"
      class-transformer "0.1.8"
      class-validator "0.8.1"
      cli-color "1.1.0"
  
  "@nestjs/core@^4.6.5":
    version "4.6.5"
    resolved "https://registry.yarnpkg.com/@nestjs/core/-/core-4.6.5.tgz#6175fb292dd2d3c599563c61120af3a7e6e455b9"
    dependencies:
      body-parser "1.17.2"
      cors "2.8.4"
      express "4.16.2"
      iterare "0.0.8"
      multer "1.3.0"
      optional "0.1.4"
  
  "@nestjs/microservices@^4.6.5":
    version "4.6.5"
    resolved "https://registry.yarnpkg.com/@nestjs/microservices/-/microservices-4.6.5.tgz#d15e741d02abb70b54dd38d42400ca19572b93b3"
    dependencies:
      iterare "0.0.8"
      json-socket "^0.2.1"
      optional "0.1.4"
      redis "^2.7.1"
  
  "@nestjs/websockets@^4.6.5":
    version "4.6.5"
    resolved "https://registry.yarnpkg.com/@nestjs/websockets/-/websockets-4.6.5.tgz#a62f79b97dfcf6858d9ba8c5b8b9683e3df0d049"
    dependencies:
      iterare "0.0.8"
      socket.io "^2.0.3"
  
  accepts@~1.3.4:
    version "1.3.5"
    resolved "https://registry.yarnpkg.com/accepts/-/accepts-1.3.5.tgz#eb777df6011723a3b14e8a72c0805c8e86746bd2"
    dependencies:
      mime-types "~2.1.18"
      negotiator "0.6.1"
  
  after@0.8.2:
    version "0.8.2"
    resolved "https://registry.yarnpkg.com/after/-/after-0.8.2.tgz#fedb394f9f0e02aa9768e702bda23b505fae7e1f"
  
  ansi-regex@2:
    version "2.1.1"
    resolved "https://registry.yarnpkg.com/ansi-regex/-/ansi-regex-2.1.1.tgz#c3b33ab5ee360d86e0e628f0468ae7ef27d654df"
  
  append-field@^0.1.0:
    version "0.1.0"
    resolved "https://registry.yarnpkg.com/append-field/-/append-field-0.1.0.tgz#6ddc58fa083c7bc545d3c5995b2830cc2366d44a"
  
  array-flatten@1.1.1:
    version "1.1.1"
    resolved "https://registry.yarnpkg.com/array-flatten/-/array-flatten-1.1.1.tgz#9a5f699051b1e7073328f2a008968b64ea2955d2"
  
  arraybuffer.slice@~0.0.7:
    version "0.0.7"
    resolved "https://registry.yarnpkg.com/arraybuffer.slice/-/arraybuffer.slice-0.0.7.tgz#3bbc4275dd584cc1b10809b89d4e8b63a69e7675"
  
  async-limiter@~1.0.0:
    version "1.0.0"
    resolved "https://registry.yarnpkg.com/async-limiter/-/async-limiter-1.0.0.tgz#78faed8c3d074ab81f22b4e985d79e8738f720f8"
  
  axios@0.17.1:
    version "0.17.1"
    resolved "https://registry.yarnpkg.com/axios/-/axios-0.17.1.tgz#2d8e3e5d0bdbd7327f91bc814f5c57660f81824d"
    dependencies:
      follow-redirects "^1.2.5"
      is-buffer "^1.1.5"
  
  backo2@1.0.2:
    version "1.0.2"
    resolved "https://registry.yarnpkg.com/backo2/-/backo2-1.0.2.tgz#31ab1ac8b129363463e35b3ebb69f4dfcfba7947"
  
  base64-arraybuffer@0.1.5:
    version "0.1.5"
    resolved "https://registry.yarnpkg.com/base64-arraybuffer/-/base64-arraybuffer-0.1.5.tgz#73926771923b5a19747ad666aa5cd4bf9c6e9ce8"
  
  base64id@1.0.0:
    version "1.0.0"
    resolved "https://registry.yarnpkg.com/base64id/-/base64id-1.0.0.tgz#47688cb99bb6804f0e06d3e763b1c32e57d8e6b6"
  
  better-assert@~1.0.0:
    version "1.0.2"
    resolved "https://registry.yarnpkg.com/better-assert/-/better-assert-1.0.2.tgz#40866b9e1b9e0b55b481894311e68faffaebc522"
    dependencies:
      callsite "1.0.0"
  
  bignumber.js@4.0.4:
    version "4.0.4"
    resolved "https://registry.yarnpkg.com/bignumber.js/-/bignumber.js-4.0.4.tgz#7c40f5abcd2d6623ab7b99682ee7db81b11889a4"
  
  blob@0.0.4:
    version "0.0.4"
    resolved "https://registry.yarnpkg.com/blob/-/blob-0.0.4.tgz#bcf13052ca54463f30f9fc7e95b9a47630a94921"
  
  body-parser@1.17.2:
    version "1.17.2"
    resolved "https://registry.yarnpkg.com/body-parser/-/body-parser-1.17.2.tgz#f8892abc8f9e627d42aedafbca66bf5ab99104ee"
    dependencies:
      bytes "2.4.0"
      content-type "~1.0.2"
      debug "2.6.7"
      depd "~1.1.0"
      http-errors "~1.6.1"
      iconv-lite "0.4.15"
      on-finished "~2.3.0"
      qs "6.4.0"
      raw-body "~2.2.0"
      type-is "~1.6.15"
  
  body-parser@1.18.2:
    version "1.18.2"
    resolved "https://registry.yarnpkg.com/body-parser/-/body-parser-1.18.2.tgz#87678a19d84b47d859b83199bd59bce222b10454"
    dependencies:
      bytes "3.0.0"
      content-type "~1.0.4"
      debug "2.6.9"
      depd "~1.1.1"
      http-errors "~1.6.2"
      iconv-lite "0.4.19"
      on-finished "~2.3.0"
      qs "6.5.1"
      raw-body "2.3.2"
      type-is "~1.6.15"
  
  busboy@^0.2.11:
    version "0.2.14"
    resolved "https://registry.yarnpkg.com/busboy/-/busboy-0.2.14.tgz#6c2a622efcf47c57bbbe1e2a9c37ad36c7925453"
    dependencies:
      dicer "0.2.5"
      readable-stream "1.1.x"
  
  bytes@2.4.0:
    version "2.4.0"
    resolved "https://registry.yarnpkg.com/bytes/-/bytes-2.4.0.tgz#7d97196f9d5baf7f6935e25985549edd2a6c2339"
  
  bytes@3.0.0:
    version "3.0.0"
    resolved "https://registry.yarnpkg.com/bytes/-/bytes-3.0.0.tgz#d32815404d689699f85a4ea4fa8755dd13a96048"
  
  callsite@1.0.0:
    version "1.0.0"
    resolved "https://registry.yarnpkg.com/callsite/-/callsite-1.0.0.tgz#280398e5d664bd74038b6f0905153e6e8af1bc20"
  
  class-transformer@0.1.8:
    version "0.1.8"
    resolved "https://registry.yarnpkg.com/class-transformer/-/class-transformer-0.1.8.tgz#be04dd2afb7b301e4c8c79c5349fedaac3d5a7e1"
  
  class-validator@0.8.1:
    version "0.8.1"
    resolved "https://registry.yarnpkg.com/class-validator/-/class-validator-0.8.1.tgz#f5efd5c613927e3c2f68692e8f14d53a2644fb2f"
    dependencies:
      validator "9.2.0"
  
  cli-color@1.1.0:
    version "1.1.0"
    resolved "https://registry.yarnpkg.com/cli-color/-/cli-color-1.1.0.tgz#de188cdc4929d83b67aea04110fbed40fdbf6775"
    dependencies:
      ansi-regex "2"
      d "^0.1.1"
      es5-ext "^0.10.8"
      es6-iterator "2"
      memoizee "^0.3.9"
      timers-ext "0.1"
  
  component-bind@1.0.0:
    version "1.0.0"
    resolved "https://registry.yarnpkg.com/component-bind/-/component-bind-1.0.0.tgz#00c608ab7dcd93897c0009651b1d3a8e1e73bbd1"
  
  component-emitter@1.2.1:
    version "1.2.1"
    resolved "https://registry.yarnpkg.com/component-emitter/-/component-emitter-1.2.1.tgz#137918d6d78283f7df7a6b7c5a63e140e69425e6"
  
  component-inherit@0.0.3:
    version "0.0.3"
    resolved "https://registry.yarnpkg.com/component-inherit/-/component-inherit-0.0.3.tgz#645fc4adf58b72b649d5cae65135619db26ff143"
  
  concat-stream@^1.5.0:
    version "1.6.1"
    resolved "https://registry.yarnpkg.com/concat-stream/-/concat-stream-1.6.1.tgz#261b8f518301f1d834e36342b9fea095d2620a26"
    dependencies:
      inherits "^2.0.3"
      readable-stream "^2.2.2"
      typedarray "^0.0.6"
  
  content-disposition@0.5.2:
    version "0.5.2"
    resolved "https://registry.yarnpkg.com/content-disposition/-/content-disposition-0.5.2.tgz#0cf68bb9ddf5f2be7961c3a85178cb85dba78cb4"
  
  content-type@~1.0.2, content-type@~1.0.4:
    version "1.0.4"
    resolved "https://registry.yarnpkg.com/content-type/-/content-type-1.0.4.tgz#e138cc75e040c727b1966fe5e5f8c9aee256fe3b"
  
  cookie-signature@1.0.6:
    version "1.0.6"
    resolved "https://registry.yarnpkg.com/cookie-signature/-/cookie-signature-1.0.6.tgz#e303a882b342cc3ee8ca513a79999734dab3ae2c"
  
  cookie@0.3.1:
    version "0.3.1"
    resolved "https://registry.yarnpkg.com/cookie/-/cookie-0.3.1.tgz#e7e0a1f9ef43b4c8ba925c5c5a96e806d16873bb"
  
  core-util-is@~1.0.0:
    version "1.0.2"
    resolved "https://registry.yarnpkg.com/core-util-is/-/core-util-is-1.0.2.tgz#b5fd54220aa2bc5ab57aab7140c940754503c1a7"
  
  cors@2.8.4:
    version "2.8.4"
    resolved "https://registry.yarnpkg.com/cors/-/cors-2.8.4.tgz#2bd381f2eb201020105cd50ea59da63090694686"
    dependencies:
      object-assign "^4"
      vary "^1"
  
  d@1:
    version "1.0.0"
    resolved "https://registry.yarnpkg.com/d/-/d-1.0.0.tgz#754bb5bfe55451da69a58b94d45f4c5b0462d58f"
    dependencies:
      es5-ext "^0.10.9"
  
  d@^0.1.1, d@~0.1.1:
    version "0.1.1"
    resolved "https://registry.yarnpkg.com/d/-/d-0.1.1.tgz#da184c535d18d8ee7ba2aa229b914009fae11309"
    dependencies:
      es5-ext "~0.10.2"
  
  debug@2.6.7:
    version "2.6.7"
    resolved "https://registry.yarnpkg.com/debug/-/debug-2.6.7.tgz#92bad1f6d05bbb6bba22cca88bcd0ec894c2861e"
    dependencies:
      ms "2.0.0"
  
  debug@2.6.9, debug@~2.6.4, debug@~2.6.6:
    version "2.6.9"
    resolved "https://registry.yarnpkg.com/debug/-/debug-2.6.9.tgz#5d128515df134ff327e90a4c93f4e077a536341f"
    dependencies:
      ms "2.0.0"
  
  debug@^3.1.0, debug@~3.1.0:
    version "3.1.0"
    resolved "https://registry.yarnpkg.com/debug/-/debug-3.1.0.tgz#5bb5a0672628b64149566ba16819e61518c67261"
    dependencies:
      ms "2.0.0"
  
  depd@1.1.1:
    version "1.1.1"
    resolved "https://registry.yarnpkg.com/depd/-/depd-1.1.1.tgz#5783b4e1c459f06fa5ca27f991f3d06e7a310359"
  
  depd@~1.1.0, depd@~1.1.1:
    version "1.1.2"
    resolved "https://registry.yarnpkg.com/depd/-/depd-1.1.2.tgz#9bcd52e14c097763e749b274c4346ed2e560b5a9"
  
  destroy@~1.0.4:
    version "1.0.4"
    resolved "https://registry.yarnpkg.com/destroy/-/destroy-1.0.4.tgz#978857442c44749e4206613e37946205826abd80"
  
  dicer@0.2.5:
    version "0.2.5"
    resolved "https://registry.yarnpkg.com/dicer/-/dicer-0.2.5.tgz#5996c086bb33218c812c090bddc09cd12facb70f"
    dependencies:
      readable-stream "1.1.x"
      streamsearch "0.1.2"
  
  double-ended-queue@^2.1.0-0:
    version "2.1.0-0"
    resolved "https://registry.yarnpkg.com/double-ended-queue/-/double-ended-queue-2.1.0-0.tgz#103d3527fd31528f40188130c841efdd78264e5c"
  
  ee-first@1.1.1:
    version "1.1.1"
    resolved "https://registry.yarnpkg.com/ee-first/-/ee-first-1.1.1.tgz#590c61156b0ae2f4f0255732a158b266bc56b21d"
  
  encodeurl@~1.0.1:
    version "1.0.2"
    resolved "https://registry.yarnpkg.com/encodeurl/-/encodeurl-1.0.2.tgz#ad3ff4c86ec2d029322f5a02c3a9a606c95b3f59"
  
  engine.io-client@~3.1.0:
    version "3.1.6"
    resolved "https://registry.yarnpkg.com/engine.io-client/-/engine.io-client-3.1.6.tgz#5bdeb130f8b94a50ac5cbeb72583e7a4a063ddfd"
    dependencies:
      component-emitter "1.2.1"
      component-inherit "0.0.3"
      debug "~3.1.0"
      engine.io-parser "~2.1.1"
      has-cors "1.1.0"
      indexof "0.0.1"
      parseqs "0.0.5"
      parseuri "0.0.5"
      ws "~3.3.1"
      xmlhttprequest-ssl "~1.5.4"
      yeast "0.1.2"
  
  engine.io-parser@~2.1.0, engine.io-parser@~2.1.1:
    version "2.1.2"
    resolved "https://registry.yarnpkg.com/engine.io-parser/-/engine.io-parser-2.1.2.tgz#4c0f4cff79aaeecbbdcfdea66a823c6085409196"
    dependencies:
      after "0.8.2"
      arraybuffer.slice "~0.0.7"
      base64-arraybuffer "0.1.5"
      blob "0.0.4"
      has-binary2 "~1.0.2"
  
  engine.io@~3.1.0:
    version "3.1.5"
    resolved "https://registry.yarnpkg.com/engine.io/-/engine.io-3.1.5.tgz#0e7ef9d690eb0b35597f1d4ad02a26ca2dba3845"
    dependencies:
      accepts "~1.3.4"
      base64id "1.0.0"
      cookie "0.3.1"
      debug "~3.1.0"
      engine.io-parser "~2.1.0"
      ws "~3.3.1"
    optionalDependencies:
      uws "~9.14.0"
  
  es5-ext@^0.10.35, es5-ext@^0.10.8, es5-ext@^0.10.9, es5-ext@~0.10.11, es5-ext@~0.10.14, es5-ext@~0.10.2, es5-ext@~0.10.5, es5-ext@~0.10.6:
    version "0.10.40"
    resolved "https://registry.yarnpkg.com/es5-ext/-/es5-ext-0.10.40.tgz#ab3d2179b943008c5e9ef241beb25ef41424c774"
    dependencies:
      es6-iterator "~2.0.3"
      es6-symbol "~3.1.1"
  
  es6-iterator@2, es6-iterator@~2.0.3:
    version "2.0.3"
    resolved "https://registry.yarnpkg.com/es6-iterator/-/es6-iterator-2.0.3.tgz#a7de889141a05a94b0854403b2d0a0fbfa98f3b7"
    dependencies:
      d "1"
      es5-ext "^0.10.35"
      es6-symbol "^3.1.1"
  
  es6-iterator@~0.1.3:
    version "0.1.3"
    resolved "https://registry.yarnpkg.com/es6-iterator/-/es6-iterator-0.1.3.tgz#d6f58b8c4fc413c249b4baa19768f8e4d7c8944e"
    dependencies:
      d "~0.1.1"
      es5-ext "~0.10.5"
      es6-symbol "~2.0.1"
  
  es6-symbol@^3.1.1, es6-symbol@~3.1.1:
    version "3.1.1"
    resolved "https://registry.yarnpkg.com/es6-symbol/-/es6-symbol-3.1.1.tgz#bf00ef4fdab6ba1b46ecb7b629b4c7ed5715cc77"
    dependencies:
      d "1"
      es5-ext "~0.10.14"
  
  es6-symbol@~2.0.1:
    version "2.0.1"
    resolved "https://registry.yarnpkg.com/es6-symbol/-/es6-symbol-2.0.1.tgz#761b5c67cfd4f1d18afb234f691d678682cb3bf3"
    dependencies:
      d "~0.1.1"
      es5-ext "~0.10.5"
  
  es6-weak-map@~0.1.4:
    version "0.1.4"
    resolved "https://registry.yarnpkg.com/es6-weak-map/-/es6-weak-map-0.1.4.tgz#706cef9e99aa236ba7766c239c8b9e286ea7d228"
    dependencies:
      d "~0.1.1"
      es5-ext "~0.10.6"
      es6-iterator "~0.1.3"
      es6-symbol "~2.0.1"
  
  escape-html@~1.0.3:
    version "1.0.3"
    resolved "https://registry.yarnpkg.com/escape-html/-/escape-html-1.0.3.tgz#0258eae4d3d0c0974de1c169188ef0051d1d1988"
  
  etag@~1.8.1:
    version "1.8.1"
    resolved "https://registry.yarnpkg.com/etag/-/etag-1.8.1.tgz#41ae2eeb65efa62268aebfea83ac7d79299b0887"
  
  event-emitter@~0.3.4:
    version "0.3.5"
    resolved "https://registry.yarnpkg.com/event-emitter/-/event-emitter-0.3.5.tgz#df8c69eef1647923c7157b9ce83840610b02cc39"
    dependencies:
      d "1"
      es5-ext "~0.10.14"
  
  express@4.16.2:
    version "4.16.2"
    resolved "https://registry.yarnpkg.com/express/-/express-4.16.2.tgz#e35c6dfe2d64b7dca0a5cd4f21781be3299e076c"
    dependencies:
      accepts "~1.3.4"
      array-flatten "1.1.1"
      body-parser "1.18.2"
      content-disposition "0.5.2"
      content-type "~1.0.4"
      cookie "0.3.1"
      cookie-signature "1.0.6"
      debug "2.6.9"
      depd "~1.1.1"
      encodeurl "~1.0.1"
      escape-html "~1.0.3"
      etag "~1.8.1"
      finalhandler "1.1.0"
      fresh "0.5.2"
      merge-descriptors "1.0.1"
      methods "~1.1.2"
      on-finished "~2.3.0"
      parseurl "~1.3.2"
      path-to-regexp "0.1.7"
      proxy-addr "~2.0.2"
      qs "6.5.1"
      range-parser "~1.2.0"
      safe-buffer "5.1.1"
      send "0.16.1"
      serve-static "1.13.1"
      setprototypeof "1.1.0"
      statuses "~1.3.1"
      type-is "~1.6.15"
      utils-merge "1.0.1"
      vary "~1.1.2"
  
  finalhandler@1.1.0:
    version "1.1.0"
    resolved "https://registry.yarnpkg.com/finalhandler/-/finalhandler-1.1.0.tgz#ce0b6855b45853e791b2fcc680046d88253dd7f5"
    dependencies:
      debug "2.6.9"
      encodeurl "~1.0.1"
      escape-html "~1.0.3"
      on-finished "~2.3.0"
      parseurl "~1.3.2"
      statuses "~1.3.1"
      unpipe "~1.0.0"
  
  follow-redirects@^1.2.5:
    version "1.4.1"
    resolved "https://registry.yarnpkg.com/follow-redirects/-/follow-redirects-1.4.1.tgz#d8120f4518190f55aac65bb6fc7b85fcd666d6aa"
    dependencies:
      debug "^3.1.0"
  
  forwarded@~0.1.2:
    version "0.1.2"
    resolved "https://registry.yarnpkg.com/forwarded/-/forwarded-0.1.2.tgz#98c23dab1175657b8c0573e8ceccd91b0ff18c84"
  
  fresh@0.5.2:
    version "0.5.2"
    resolved "https://registry.yarnpkg.com/fresh/-/fresh-0.5.2.tgz#3d8cadd90d976569fa835ab1f8e4b23a105605a7"
  
  has-binary2@~1.0.2:
    version "1.0.2"
    resolved "https://registry.yarnpkg.com/has-binary2/-/has-binary2-1.0.2.tgz#e83dba49f0b9be4d026d27365350d9f03f54be98"
    dependencies:
      isarray "2.0.1"
  
  has-cors@1.1.0:
    version "1.1.0"
    resolved "https://registry.yarnpkg.com/has-cors/-/has-cors-1.1.0.tgz#5e474793f7ea9843d1bb99c23eef49ff126fff39"
  
  http-errors@1.6.2, http-errors@~1.6.1, http-errors@~1.6.2:
    version "1.6.2"
    resolved "https://registry.yarnpkg.com/http-errors/-/http-errors-1.6.2.tgz#0a002cc85707192a7e7946ceedc11155f60ec736"
    dependencies:
      depd "1.1.1"
      inherits "2.0.3"
      setprototypeof "1.0.3"
      statuses ">= 1.3.1 < 2"
  
  iconv-lite@0.4.15:
    version "0.4.15"
    resolved "https://registry.yarnpkg.com/iconv-lite/-/iconv-lite-0.4.15.tgz#fe265a218ac6a57cfe854927e9d04c19825eddeb"
  
  iconv-lite@0.4.19:
    version "0.4.19"
    resolved "https://registry.yarnpkg.com/iconv-lite/-/iconv-lite-0.4.19.tgz#f7468f60135f5e5dad3399c0a81be9a1603a082b"
  
  indexof@0.0.1:
    version "0.0.1"
    resolved "https://registry.yarnpkg.com/indexof/-/indexof-0.0.1.tgz#82dc336d232b9062179d05ab3293a66059fd435d"
  
  inherits@2.0.3, inherits@^2.0.3, inherits@~2.0.1, inherits@~2.0.3:
    version "2.0.3"
    resolved "https://registry.yarnpkg.com/inherits/-/inherits-2.0.3.tgz#633c2c83e3da42a502f52466022480f4208261de"
  
  ipaddr.js@1.6.0:
    version "1.6.0"
    resolved "https://registry.yarnpkg.com/ipaddr.js/-/ipaddr.js-1.6.0.tgz#e3fa357b773da619f26e95f049d055c72796f86b"
  
  is-buffer@^1.1.5:
    version "1.1.6"
    resolved "https://registry.yarnpkg.com/is-buffer/-/is-buffer-1.1.6.tgz#efaa2ea9daa0d7ab2ea13a97b2b8ad51fefbe8be"
  
  isarray@0.0.1:
    version "0.0.1"
    resolved "https://registry.yarnpkg.com/isarray/-/isarray-0.0.1.tgz#8a18acfca9a8f4177e09abfc6038939b05d1eedf"
  
  isarray@2.0.1:
    version "2.0.1"
    resolved "https://registry.yarnpkg.com/isarray/-/isarray-2.0.1.tgz#a37d94ed9cda2d59865c9f76fe596ee1f338741e"
  
  isarray@~1.0.0:
    version "1.0.0"
    resolved "https://registry.yarnpkg.com/isarray/-/isarray-1.0.0.tgz#bb935d48582cba168c06834957a54a3e07124f11"
  
  iterare@0.0.8:
    version "0.0.8"
    resolved "https://registry.yarnpkg.com/iterare/-/iterare-0.0.8.tgz#a969a80a1fbff6b78f28776594d7bc2bdfab6aad"
  
  json-socket@^0.2.1:
    version "0.2.1"
    resolved "https://registry.yarnpkg.com/json-socket/-/json-socket-0.2.1.tgz#26e7ed8cc131f17aa0136c32068f473b5dbefb22"
  
  lru-queue@0.1:
    version "0.1.0"
    resolved "https://registry.yarnpkg.com/lru-queue/-/lru-queue-0.1.0.tgz#2738bd9f0d3cf4f84490c5736c48699ac632cda3"
    dependencies:
      es5-ext "~0.10.2"
  
  media-typer@0.3.0:
    version "0.3.0"
    resolved "https://registry.yarnpkg.com/media-typer/-/media-typer-0.3.0.tgz#8710d7af0aa626f8fffa1ce00168545263255748"
  
  memoizee@^0.3.9:
    version "0.3.10"
    resolved "https://registry.yarnpkg.com/memoizee/-/memoizee-0.3.10.tgz#4eca0d8aed39ec9d017f4c5c2f2f6432f42e5c8f"
    dependencies:
      d "~0.1.1"
      es5-ext "~0.10.11"
      es6-weak-map "~0.1.4"
      event-emitter "~0.3.4"
      lru-queue "0.1"
      next-tick "~0.2.2"
      timers-ext "0.1"
  
  merge-descriptors@1.0.1:
    version "1.0.1"
    resolved "https://registry.yarnpkg.com/merge-descriptors/-/merge-descriptors-1.0.1.tgz#b00aaa556dd8b44568150ec9d1b953f3f90cbb61"
  
  methods@~1.1.2:
    version "1.1.2"
    resolved "https://registry.yarnpkg.com/methods/-/methods-1.1.2.tgz#5529a4d67654134edcc5266656835b0f851afcee"
  
  mime-db@~1.33.0:
    version "1.33.0"
    resolved "https://registry.yarnpkg.com/mime-db/-/mime-db-1.33.0.tgz#a3492050a5cb9b63450541e39d9788d2272783db"
  
  mime-types@~2.1.18:
    version "2.1.18"
    resolved "https://registry.yarnpkg.com/mime-types/-/mime-types-2.1.18.tgz#6f323f60a83d11146f831ff11fd66e2fe5503bb8"
    dependencies:
      mime-db "~1.33.0"
  
  mime@1.4.1:
    version "1.4.1"
    resolved "https://registry.yarnpkg.com/mime/-/mime-1.4.1.tgz#121f9ebc49e3766f311a76e1fa1c8003c4b03aa6"
  
  minimist@0.0.8:
    version "0.0.8"
    resolved "https://registry.yarnpkg.com/minimist/-/minimist-0.0.8.tgz#857fcabfc3397d2625b8228262e86aa7a011b05d"
  
  mkdirp@^0.5.1:
    version "0.5.1"
    resolved "https://registry.yarnpkg.com/mkdirp/-/mkdirp-0.5.1.tgz#30057438eac6cf7f8c4767f38648d6697d75c903"
    dependencies:
      minimist "0.0.8"
  
  ms@2.0.0:
    version "2.0.0"
    resolved "https://registry.yarnpkg.com/ms/-/ms-2.0.0.tgz#5608aeadfc00be6c2901df5f9861788de0d597c8"
  
  multer@1.3.0:
    version "1.3.0"
    resolved "https://registry.yarnpkg.com/multer/-/multer-1.3.0.tgz#092b2670f6846fa4914965efc8cf94c20fec6cd2"
    dependencies:
      append-field "^0.1.0"
      busboy "^0.2.11"
      concat-stream "^1.5.0"
      mkdirp "^0.5.1"
      object-assign "^3.0.0"
      on-finished "^2.3.0"
      type-is "^1.6.4"
      xtend "^4.0.0"
  
  mysql@^2.15.0:
    version "2.15.0"
    resolved "https://registry.yarnpkg.com/mysql/-/mysql-2.15.0.tgz#ea16841156343e8f2e47fc8985ec41cdd9573b5c"
    dependencies:
      bignumber.js "4.0.4"
      readable-stream "2.3.3"
      safe-buffer "5.1.1"
      sqlstring "2.3.0"
  
  negotiator@0.6.1:
    version "0.6.1"
    resolved "https://registry.yarnpkg.com/negotiator/-/negotiator-0.6.1.tgz#2b327184e8992101177b28563fb5e7102acd0ca9"
  
  next-tick@1:
    version "1.0.0"
    resolved "https://registry.yarnpkg.com/next-tick/-/next-tick-1.0.0.tgz#ca86d1fe8828169b0120208e3dc8424b9db8342c"
  
  next-tick@~0.2.2:
    version "0.2.2"
    resolved "https://registry.yarnpkg.com/next-tick/-/next-tick-0.2.2.tgz#75da4a927ee5887e39065880065b7336413b310d"
  
  object-assign@^3.0.0:
    version "3.0.0"
    resolved "https://registry.yarnpkg.com/object-assign/-/object-assign-3.0.0.tgz#9bedd5ca0897949bca47e7ff408062d549f587f2"
  
  object-assign@^4:
    version "4.1.1"
    resolved "https://registry.yarnpkg.com/object-assign/-/object-assign-4.1.1.tgz#2109adc7965887cfc05cbbd442cac8bfbb360863"
  
  object-component@0.0.3:
    version "0.0.3"
    resolved "https://registry.yarnpkg.com/object-component/-/object-component-0.0.3.tgz#f0c69aa50efc95b866c186f400a33769cb2f1291"
  
  on-finished@^2.3.0, on-finished@~2.3.0:
    version "2.3.0"
    resolved "https://registry.yarnpkg.com/on-finished/-/on-finished-2.3.0.tgz#20f1336481b083cd75337992a16971aa2d906947"
    dependencies:
      ee-first "1.1.1"
  
  optional@0.1.4:
    version "0.1.4"
    resolved "https://registry.yarnpkg.com/optional/-/optional-0.1.4.tgz#cdb1a9bedc737d2025f690ceeb50e049444fd5b3"
  
  parseqs@0.0.5:
    version "0.0.5"
    resolved "https://registry.yarnpkg.com/parseqs/-/parseqs-0.0.5.tgz#d5208a3738e46766e291ba2ea173684921a8b89d"
    dependencies:
      better-assert "~1.0.0"
  
  parseuri@0.0.5:
    version "0.0.5"
    resolved "https://registry.yarnpkg.com/parseuri/-/parseuri-0.0.5.tgz#80204a50d4dbb779bfdc6ebe2778d90e4bce320a"
    dependencies:
      better-assert "~1.0.0"
  
  parseurl@~1.3.2:
    version "1.3.2"
    resolved "https://registry.yarnpkg.com/parseurl/-/parseurl-1.3.2.tgz#fc289d4ed8993119460c156253262cdc8de65bf3"
  
  path-to-regexp@0.1.7:
    version "0.1.7"
    resolved "https://registry.yarnpkg.com/path-to-regexp/-/path-to-regexp-0.1.7.tgz#df604178005f522f15eb4490e7247a1bfaa67f8c"
  
  process-nextick-args@~1.0.6:
    version "1.0.7"
    resolved "https://registry.yarnpkg.com/process-nextick-args/-/process-nextick-args-1.0.7.tgz#150e20b756590ad3f91093f25a4f2ad8bff30ba3"
  
  process-nextick-args@~2.0.0:
    version "2.0.0"
    resolved "https://registry.yarnpkg.com/process-nextick-args/-/process-nextick-args-2.0.0.tgz#a37d732f4271b4ab1ad070d35508e8290788ffaa"
  
  proxy-addr@~2.0.2:
    version "2.0.3"
    resolved "https://registry.yarnpkg.com/proxy-addr/-/proxy-addr-2.0.3.tgz#355f262505a621646b3130a728eb647e22055341"
    dependencies:
      forwarded "~0.1.2"
      ipaddr.js "1.6.0"
  
  qs@6.4.0:
    version "6.4.0"
    resolved "https://registry.yarnpkg.com/qs/-/qs-6.4.0.tgz#13e26d28ad6b0ffaa91312cd3bf708ed351e7233"
  
  qs@6.5.1:
    version "6.5.1"
    resolved "https://registry.yarnpkg.com/qs/-/qs-6.5.1.tgz#349cdf6eef89ec45c12d7d5eb3fc0c870343a6d8"
  
  range-parser@~1.2.0:
    version "1.2.0"
    resolved "https://registry.yarnpkg.com/range-parser/-/range-parser-1.2.0.tgz#f49be6b487894ddc40dcc94a322f611092e00d5e"
  
  raw-body@2.3.2:
    version "2.3.2"
    resolved "https://registry.yarnpkg.com/raw-body/-/raw-body-2.3.2.tgz#bcd60c77d3eb93cde0050295c3f379389bc88f89"
    dependencies:
      bytes "3.0.0"
      http-errors "1.6.2"
      iconv-lite "0.4.19"
      unpipe "1.0.0"
  
  raw-body@~2.2.0:
    version "2.2.0"
    resolved "https://registry.yarnpkg.com/raw-body/-/raw-body-2.2.0.tgz#994976cf6a5096a41162840492f0bdc5d6e7fb96"
    dependencies:
      bytes "2.4.0"
      iconv-lite "0.4.15"
      unpipe "1.0.0"
  
  readable-stream@1.1.x:
    version "1.1.14"
    resolved "https://registry.yarnpkg.com/readable-stream/-/readable-stream-1.1.14.tgz#7cf4c54ef648e3813084c636dd2079e166c081d9"
    dependencies:
      core-util-is "~1.0.0"
      inherits "~2.0.1"
      isarray "0.0.1"
      string_decoder "~0.10.x"
  
  readable-stream@2.3.3:
    version "2.3.3"
    resolved "https://registry.yarnpkg.com/readable-stream/-/readable-stream-2.3.3.tgz#368f2512d79f9d46fdfc71349ae7878bbc1eb95c"
    dependencies:
      core-util-is "~1.0.0"
      inherits "~2.0.3"
      isarray "~1.0.0"
      process-nextick-args "~1.0.6"
      safe-buffer "~5.1.1"
      string_decoder "~1.0.3"
      util-deprecate "~1.0.1"
  
  readable-stream@^2.2.2:
    version "2.3.5"
    resolved "https://registry.yarnpkg.com/readable-stream/-/readable-stream-2.3.5.tgz#b4f85003a938cbb6ecbce2a124fb1012bd1a838d"
    dependencies:
      core-util-is "~1.0.0"
      inherits "~2.0.3"
      isarray "~1.0.0"
      process-nextick-args "~2.0.0"
      safe-buffer "~5.1.1"
      string_decoder "~1.0.3"
      util-deprecate "~1.0.1"
  
  redis-commands@^1.2.0:
    version "1.3.5"
    resolved "https://registry.yarnpkg.com/redis-commands/-/redis-commands-1.3.5.tgz#4495889414f1e886261180b1442e7295602d83a2"
  
  redis-parser@^2.6.0:
    version "2.6.0"
    resolved "https://registry.yarnpkg.com/redis-parser/-/redis-parser-2.6.0.tgz#52ed09dacac108f1a631c07e9b69941e7a19504b"
  
  redis@^2.7.1:
    version "2.8.0"
    resolved "https://registry.yarnpkg.com/redis/-/redis-2.8.0.tgz#202288e3f58c49f6079d97af7a10e1303ae14b02"
    dependencies:
      double-ended-queue "^2.1.0-0"
      redis-commands "^1.2.0"
      redis-parser "^2.6.0"
  
  reflect-metadata@^0.1.12:
    version "0.1.12"
    resolved "https://registry.yarnpkg.com/reflect-metadata/-/reflect-metadata-0.1.12.tgz#311bf0c6b63cd782f228a81abe146a2bfa9c56f2"
  
  rxjs@^5.5.6:
    version "5.5.6"
    resolved "https://registry.yarnpkg.com/rxjs/-/rxjs-5.5.6.tgz#e31fb96d6fd2ff1fd84bcea8ae9c02d007179c02"
    dependencies:
      symbol-observable "1.0.1"
  
  safe-buffer@5.1.1, safe-buffer@~5.1.0, safe-buffer@~5.1.1:
    version "5.1.1"
    resolved "https://registry.yarnpkg.com/safe-buffer/-/safe-buffer-5.1.1.tgz#893312af69b2123def71f57889001671eeb2c853"
  
  send@0.16.1:
    version "0.16.1"
    resolved "https://registry.yarnpkg.com/send/-/send-0.16.1.tgz#a70e1ca21d1382c11d0d9f6231deb281080d7ab3"
    dependencies:
      debug "2.6.9"
      depd "~1.1.1"
      destroy "~1.0.4"
      encodeurl "~1.0.1"
      escape-html "~1.0.3"
      etag "~1.8.1"
      fresh "0.5.2"
      http-errors "~1.6.2"
      mime "1.4.1"
      ms "2.0.0"
      on-finished "~2.3.0"
      range-parser "~1.2.0"
      statuses "~1.3.1"
  
  serve-static@1.13.1:
    version "1.13.1"
    resolved "https://registry.yarnpkg.com/serve-static/-/serve-static-1.13.1.tgz#4c57d53404a761d8f2e7c1e8a18a47dbf278a719"
    dependencies:
      encodeurl "~1.0.1"
      escape-html "~1.0.3"
      parseurl "~1.3.2"
      send "0.16.1"
  
  setprototypeof@1.0.3:
    version "1.0.3"
    resolved "https://registry.yarnpkg.com/setprototypeof/-/setprototypeof-1.0.3.tgz#66567e37043eeb4f04d91bd658c0cbefb55b8e04"
  
  setprototypeof@1.1.0:
    version "1.1.0"
    resolved "https://registry.yarnpkg.com/setprototypeof/-/setprototypeof-1.1.0.tgz#d0bd85536887b6fe7c0d818cb962d9d91c54e656"
  
  socket.io-adapter@~1.1.0:
    version "1.1.1"
    resolved "https://registry.yarnpkg.com/socket.io-adapter/-/socket.io-adapter-1.1.1.tgz#2a805e8a14d6372124dd9159ad4502f8cb07f06b"
  
  socket.io-client@2.0.4:
    version "2.0.4"
    resolved "https://registry.yarnpkg.com/socket.io-client/-/socket.io-client-2.0.4.tgz#0918a552406dc5e540b380dcd97afc4a64332f8e"
    dependencies:
      backo2 "1.0.2"
      base64-arraybuffer "0.1.5"
      component-bind "1.0.0"
      component-emitter "1.2.1"
      debug "~2.6.4"
      engine.io-client "~3.1.0"
      has-cors "1.1.0"
      indexof "0.0.1"
      object-component "0.0.3"
      parseqs "0.0.5"
      parseuri "0.0.5"
      socket.io-parser "~3.1.1"
      to-array "0.1.4"
  
  socket.io-parser@~3.1.1:
    version "3.1.3"
    resolved "https://registry.yarnpkg.com/socket.io-parser/-/socket.io-parser-3.1.3.tgz#ed2da5ee79f10955036e3da413bfd7f1e4d86c8e"
    dependencies:
      component-emitter "1.2.1"
      debug "~3.1.0"
      has-binary2 "~1.0.2"
      isarray "2.0.1"
  
  socket.io@^2.0.3:
    version "2.0.4"
    resolved "https://registry.yarnpkg.com/socket.io/-/socket.io-2.0.4.tgz#c1a4590ceff87ecf13c72652f046f716b29e6014"
    dependencies:
      debug "~2.6.6"
      engine.io "~3.1.0"
      socket.io-adapter "~1.1.0"
      socket.io-client "2.0.4"
      socket.io-parser "~3.1.1"
  
  sqlstring@2.3.0:
    version "2.3.0"
    resolved "https://registry.yarnpkg.com/sqlstring/-/sqlstring-2.3.0.tgz#525b8a4fd26d6f71aa61e822a6caf976d31ad2a8"
  
  "statuses@>= 1.3.1 < 2":
    version "1.4.0"
    resolved "https://registry.yarnpkg.com/statuses/-/statuses-1.4.0.tgz#bb73d446da2796106efcc1b601a253d6c46bd087"
  
  statuses@~1.3.1:
    version "1.3.1"
    resolved "https://registry.yarnpkg.com/statuses/-/statuses-1.3.1.tgz#faf51b9eb74aaef3b3acf4ad5f61abf24cb7b93e"
  
  streamsearch@0.1.2:
    version "0.1.2"
    resolved "https://registry.yarnpkg.com/streamsearch/-/streamsearch-0.1.2.tgz#808b9d0e56fc273d809ba57338e929919a1a9f1a"
  
  string_decoder@~0.10.x:
    version "0.10.31"
    resolved "https://registry.yarnpkg.com/string_decoder/-/string_decoder-0.10.31.tgz#62e203bc41766c6c28c9fc84301dab1c5310fa94"
  
  string_decoder@~1.0.3:
    version "1.0.3"
    resolved "https://registry.yarnpkg.com/string_decoder/-/string_decoder-1.0.3.tgz#0fc67d7c141825de94282dd536bec6b9bce860ab"
    dependencies:
      safe-buffer "~5.1.0"
  
  symbol-observable@1.0.1:
    version "1.0.1"
    resolved "https://registry.yarnpkg.com/symbol-observable/-/symbol-observable-1.0.1.tgz#8340fc4702c3122df5d22288f88283f513d3fdd4"
  
  timers-ext@0.1:
    version "0.1.4"
    resolved "https://registry.yarnpkg.com/timers-ext/-/timers-ext-0.1.4.tgz#365781e62b458722be079379fdbfe610a5efa4ba"
    dependencies:
      es5-ext "~0.10.14"
      next-tick "1"
  
  to-array@0.1.4:
    version "0.1.4"
    resolved "https://registry.yarnpkg.com/to-array/-/to-array-0.1.4.tgz#17e6c11f73dd4f3d74cda7a4ff3238e9ad9bf890"
  
  type-is@^1.6.4, type-is@~1.6.15:
    version "1.6.16"
    resolved "https://registry.yarnpkg.com/type-is/-/type-is-1.6.16.tgz#f89ce341541c672b25ee7ae3c73dee3b2be50194"
    dependencies:
      media-typer "0.3.0"
      mime-types "~2.1.18"
  
  typedarray@^0.0.6:
    version "0.0.6"
    resolved "https://registry.yarnpkg.com/typedarray/-/typedarray-0.0.6.tgz#867ac74e3864187b1d3d47d996a78ec5c8830777"
  
  typescript@^2.7.2:
    version "2.7.2"
    resolved "https://registry.yarnpkg.com/typescript/-/typescript-2.7.2.tgz#2d615a1ef4aee4f574425cdff7026edf81919836"
  
  ultron@~1.1.0:
    version "1.1.1"
    resolved "https://registry.yarnpkg.com/ultron/-/ultron-1.1.1.tgz#9fe1536a10a664a65266a1e3ccf85fd36302bc9c"
  
  unpipe@1.0.0, unpipe@~1.0.0:
    version "1.0.0"
    resolved "https://registry.yarnpkg.com/unpipe/-/unpipe-1.0.0.tgz#b2bf4ee8514aae6165b4817829d21b2ef49904ec"
  
  util-deprecate@~1.0.1:
    version "1.0.2"
    resolved "https://registry.yarnpkg.com/util-deprecate/-/util-deprecate-1.0.2.tgz#450d4dc9fa70de732762fbd2d4a28981419a0ccf"
  
  utils-merge@1.0.1:
    version "1.0.1"
    resolved "https://registry.yarnpkg.com/utils-merge/-/utils-merge-1.0.1.tgz#9f95710f50a267947b2ccc124741c1028427e713"
  
  uws@~9.14.0:
    version "9.14.0"
    resolved "https://registry.yarnpkg.com/uws/-/uws-9.14.0.tgz#fac8386befc33a7a3705cbd58dc47b430ca4dd95"
  
  validator@9.2.0:
    version "9.2.0"
    resolved "https://registry.yarnpkg.com/validator/-/validator-9.2.0.tgz#ad216eed5f37cac31a6fe00ceab1f6b88bded03e"
  
  vary@^1, vary@~1.1.2:
    version "1.1.2"
    resolved "https://registry.yarnpkg.com/vary/-/vary-1.1.2.tgz#2299f02c6ded30d4a5961b0b9f74524a18f634fc"
  
  ws@~3.3.1:
    version "3.3.3"
    resolved "https://registry.yarnpkg.com/ws/-/ws-3.3.3.tgz#f1cf84fe2d5e901ebce94efaece785f187a228f2"
    dependencies:
      async-limiter "~1.0.0"
      safe-buffer "~5.1.0"
      ultron "~1.1.0"
  
  xmlhttprequest-ssl@~1.5.4:
    version "1.5.5"
    resolved "https://registry.yarnpkg.com/xmlhttprequest-ssl/-/xmlhttprequest-ssl-1.5.5.tgz#c2876b06168aadc40e57d97e81191ac8f4398b3e"
  
  xtend@^4.0.0:
    version "4.0.1"
    resolved "https://registry.yarnpkg.com/xtend/-/xtend-4.0.1.tgz#a5c6d532be656e23db820efb943a1f04998d63af"
  
  yeast@0.1.2:
    version "0.1.2"
    resolved "https://registry.yarnpkg.com/yeast/-/yeast-0.1.2.tgz#008e06d8094320c372dbc2f8ed76a0ca6c8ac419"

Trace: 
  Error: ENOENT: no such file or directory, open '/Users/zhongbowen/Documents/workspace_node_web/bw-tech-node/node_modules/any-promise/register/bluebird.js'
